This is pdfTeX, Version 3.141592653-2.6-1.40.24 (MiKTeX 22.10) (preloaded format=pdflatex 2022.11.2)  9 DEC 2022 12:31
entering extended mode
 restricted \write18 enabled.
 %&-line parsing enabled.
**./refman.tex
(refman.tex
LaTeX2e <2022-06-01> patch level 5
L3 programming layer <2022-09-28>
(C:\Users\gokay\AppData\Local\Programs\MiKTeX\tex/latex/base\book.cls
Document Class: book 2021/10/04 v1.4n Standard LaTeX document class
(C:\Users\gokay\AppData\Local\Programs\MiKTeX\tex/latex/base\bk10.clo
File: bk10.clo 2021/10/04 v1.4n Standard LaTeX file (size option)
)
\c@part=\count185
\c@chapter=\count186
\c@section=\count187
\c@subsection=\count188
\c@subsubsection=\count189
\c@paragraph=\count190
\c@subparagraph=\count191
\c@figure=\count192
\c@table=\count193
\abovecaptionskip=\skip47
\belowcaptionskip=\skip48
\bibindent=\dimen138
)
(C:\Users\gokay\AppData\Local\Programs\MiKTeX\tex/latex/base\ifthen.sty
Package: ifthen 2022/04/13 v1.1d Standard LaTeX ifthen package (DPC)
)
(C:\Users\gokay\AppData\Local\Programs\MiKTeX\tex/latex/tools\array.sty
Rollback for package 'array' requested -> date 2016-10-06.
         Best approximation is the release introduced on 2016-10-06.

(C:\Users\gokay\AppData\Local\Programs\MiKTeX\tex/latex/tools\array-2016-10-06.
sty
Package: array 2016/10/06 v2.4d Tabular extension package (FMi)
\col@sep=\dimen139
\extrarowheight=\dimen140
\NC@list=\toks16
\extratabsurround=\skip49
\backup@length=\skip50
)) (C:\Users\gokay\AppData\Local\Programs\MiKTeX\tex/latex/base\fixltx2e.sty
Package: fixltx2e 2016/12/29 v2.1a fixes to LaTeX (obsolete)
Applying: [2015/01/01] Old fixltx2e package on input line 46.

Package fixltx2e Warning: fixltx2e is not required with releases after 2015
(fixltx2e)                All fixes are now in the LaTeX kernel.
(fixltx2e)                See the latexrelease package for details.

Already applied: [0000/00/00] Old fixltx2e package on input line 53.
) (doxygen.sty
Package: doxygen 

(C:\Users\gokay\AppData\Local\Programs\MiKTeX\tex/latex/base\alltt.sty
Package: alltt 2021/01/29 v2.0g defines alltt environment
)
(C:\Users\gokay\AppData\Local\Programs\MiKTeX\tex/latex/tools\calc.sty
Package: calc 2017/05/25 v4.3 Infix arithmetic (KKT,FJ)
\calc@Acount=\count194
\calc@Bcount=\count195
\calc@Adimen=\dimen141
\calc@Bdimen=\dimen142
\calc@Askip=\skip51
\calc@Bskip=\skip52
LaTeX Info: Redefining \setlength on input line 80.
LaTeX Info: Redefining \addtolength on input line 81.
\calc@Ccount=\count196
\calc@Cskip=\skip53
)
(C:\Users\gokay\AppData\Local\Programs\MiKTeX\tex/latex/float\float.sty
Package: float 2001/11/08 v1.3d Float enhancements (AL)
\c@float@type=\count197
\float@exts=\toks17
\float@box=\box51
\@float@everytoks=\toks18
\@floatcapt=\box52
)
(C:\Users\gokay\AppData\Local\Programs\MiKTeX\tex/latex/tools\verbatim.sty
Package: verbatim 2020-07-07 v1.5u LaTeX2e package for verbatim enhancements
\every@verbatim=\toks19
\verbatim@line=\toks20
\verbatim@in@stream=\read2
)
(C:\Users\gokay\AppData\Local\Programs\MiKTeX\tex/latex/xcolor\xcolor.sty
Package: xcolor 2022/06/12 v2.14 LaTeX color extensions (UK)

(C:\Users\gokay\AppData\Local\Programs\MiKTeX\tex/latex/graphics-cfg\color.cfg
File: color.cfg 2016/01/02 v1.6 sample color configuration
)
Package xcolor Info: Driver file: pdftex.def on input line 227.

(C:\Users\gokay\AppData\Local\Programs\MiKTeX\tex/latex/graphics-def\pdftex.def
File: pdftex.def 2022/09/22 v1.2b Graphics/color driver for pdftex
\stockwidth=\dimen143
\stockheight=\dimen144
) (C:\Users\gokay\AppData\Local\Programs\MiKTeX\tex/latex/colortbl\colortbl.sty
Package: colortbl 2022/06/20 v1.0f Color table columns (DPC)
\everycr=\toks21
\minrowclearance=\skip54
\rownum=\count198
)
(C:\Users\gokay\AppData\Local\Programs\MiKTeX\tex/latex/graphics\mathcolor.ltx)
Package xcolor Info: Model `cmy' substituted by `cmy0' on input line 1353.
Package xcolor Info: Model `hsb' substituted by `rgb' on input line 1357.
Package xcolor Info: Model `RGB' extended on input line 1369.
Package xcolor Info: Model `HTML' substituted by `rgb' on input line 1371.
Package xcolor Info: Model `Hsb' substituted by `hsb' on input line 1372.
Package xcolor Info: Model `tHsb' substituted by `hsb' on input line 1373.
Package xcolor Info: Model `HSB' substituted by `hsb' on input line 1374.
Package xcolor Info: Model `Gray' substituted by `gray' on input line 1375.
Package xcolor Info: Model `wave' substituted by `hsb' on input line 1376.
) (longtable_doxygen.sty
Package: longtable_doxygen 2014/10/28 v4.11 Multi-page Table package (DPC) - fr
ozen version for doxygen
\LTleft=\skip55
\LTright=\skip56
\LTpre=\skip57
\LTpost=\skip58
\LTchunksize=\count199
\LTcapwidth=\dimen145
\LT@head=\box53
\LT@firsthead=\box54
\LT@foot=\box55
\LT@lastfoot=\box56
\LT@cols=\count266
\LT@rows=\count267
\c@LT@tables=\count268
\c@LT@chunks=\count269
\LT@p@ftn=\toks22
) (tabu_doxygen.sty
Package: tabu_doxygen 2011/02/26 v2.8 - flexible LaTeX tabulars (FC), frozen ve
rsion for doxygen

(C:\Users\gokay\AppData\Local\Programs\MiKTeX\tex/latex/varwidth\varwidth.sty
Package: varwidth 2009/03/30 ver 0.92;  Variable-width minipages
\@vwid@box=\box57
\sift@deathcycles=\count270
\@vwid@loff=\dimen146
\@vwid@roff=\dimen147
)
\c@taburow=\count271
\tabu@nbcols=\count272
\tabu@cnt=\count273
\tabu@Xcol=\count274
\tabu@alloc=\count275
\tabu@nested=\count276
\tabu@target=\dimen148
\tabu@spreadtarget=\dimen149
\tabu@naturalX=\dimen150
\tabucolX=\dimen151
\tabu@Xsum=\dimen152
\extrarowdepth=\dimen153
\abovetabulinesep=\dimen154
\belowtabulinesep=\dimen155
\tabustrutrule=\dimen156
\tabu@thebody=\toks23
\tabu@footnotes=\toks24
\tabu@box=\box58
\tabu@arstrutbox=\box59
\tabu@hleads=\box60
\tabu@vleads=\box61
\tabu@cellskip=\skip59
) (C:\Users\gokay\AppData\Local\Programs\MiKTeX\tex/latex/fancyvrb\fancyvrb.sty
Package: fancyvrb 2022/06/06 4.5 verbatim text (tvz,hv)

(C:\Users\gokay\AppData\Local\Programs\MiKTeX\tex/latex/graphics\keyval.sty
Package: keyval 2022/05/29 v1.15 key=value parser (DPC)
\KV@toks@=\toks25
)
\FV@CodeLineNo=\count277
\FV@InFile=\read3
\FV@TabBox=\box62
\c@FancyVerbLine=\count278
\FV@StepNumber=\count279
\FV@OutFile=\write3
)
(C:\Users\gokay\AppData\Local\Programs\MiKTeX\tex/latex/tools\tabularx.sty
Package: tabularx 2020/01/15 v2.11c `tabularx' package (DPC)
\TX@col@width=\dimen157
\TX@old@table=\dimen158
\TX@old@col=\dimen159
\TX@target=\dimen160
\TX@delta=\dimen161
\TX@cols=\count280
\TX@ftn=\toks26
)
(C:\Users\gokay\AppData\Local\Programs\MiKTeX\tex/latex/tools\multicol.sty
Package: multicol 2021/11/30 v1.9d multicolumn formatting (FMi)
\c@tracingmulticols=\count281
\mult@box=\box63
\multicol@leftmargin=\dimen162
\c@unbalance=\count282
\c@collectmore=\count283
\doublecol@number=\count284
\multicoltolerance=\count285
\multicolpretolerance=\count286
\full@width=\dimen163
\page@free=\dimen164
\premulticols=\dimen165
\postmulticols=\dimen166
\multicolsep=\skip60
\multicolbaselineskip=\skip61
\partial@page=\box64
\last@line=\box65
\maxbalancingoverflow=\dimen167
\mult@rightbox=\box66
\mult@grightbox=\box67
\mult@firstbox=\box68
\mult@gfirstbox=\box69
\@tempa=\box70
\@tempa=\box71
\@tempa=\box72
\@tempa=\box73
\@tempa=\box74
\@tempa=\box75
\@tempa=\box76
\@tempa=\box77
\@tempa=\box78
\@tempa=\box79
\@tempa=\box80
\@tempa=\box81
\@tempa=\box82
\@tempa=\box83
\@tempa=\box84
\@tempa=\box85
\@tempa=\box86
\@tempa=\box87
\@tempa=\box88
\@tempa=\box89
\@tempa=\box90
\@tempa=\box91
\@tempa=\box92
\@tempa=\box93
\@tempa=\box94
\@tempa=\box95
\@tempa=\box96
\@tempa=\box97
\@tempa=\box98
\@tempa=\box99
\@tempa=\box100
\@tempa=\box101
\@tempa=\box102
\@tempa=\box103
\@tempa=\box104
\@tempa=\box105
\c@minrows=\count287
\c@columnbadness=\count288
\c@finalcolumnbadness=\count289
\last@try=\dimen168
\multicolovershoot=\dimen169
\multicolundershoot=\dimen170
\mult@nat@firstbox=\box106
\colbreak@box=\box107
\mc@col@check@num=\count290
)
(C:\Users\gokay\AppData\Local\Programs\MiKTeX\tex/latex/multirow\multirow.sty
Package: multirow 2021/03/15 v2.8 Span multiple rows of a table
\multirow@colwidth=\skip62
\multirow@cntb=\count291
\multirow@dima=\skip63
\bigstrutjot=\dimen171
)
(C:\Users\gokay\AppData\Local\Programs\MiKTeX\tex/latex/hanging\hanging.sty
Package: hanging 2009/09/02 v1.2b hanging paragraphs and punctuation
\h@ngcommawd=\skip64
\h@ngfstopwd=\skip65
\h@ngquotewd=\skip66
\h@ngdquotewd=\skip67
\h@ngquerywd=\skip68
\h@ngexclwd=\skip69
\h@ngcolonwd=\skip70
\h@ngscolonwd=\skip71
)
(C:\Users\gokay\AppData\Local\Programs\MiKTeX\tex/generic/iftex\ifpdf.sty
Package: ifpdf 2019/10/25 v3.4 ifpdf legacy package. Use iftex instead.

(C:\Users\gokay\AppData\Local\Programs\MiKTeX\tex/generic/iftex\iftex.sty
Package: iftex 2022/02/03 v1.0f TeX engine tests
))
(C:\Users\gokay\AppData\Local\Programs\MiKTeX\tex/latex/adjustbox\adjustbox.sty
Package: adjustbox 2022/10/17 v1.3a Adjusting TeX boxes (trim, clip, ...)
(C:\Users\gokay\AppData\Local\Programs\MiKTeX\tex/latex/xkeyval\xkeyval.sty
Package: xkeyval 2022/06/16 v2.9 package option processing (HA)

(C:\Users\gokay\AppData\Local\Programs\MiKTeX\tex/generic/xkeyval\xkeyval.tex
(C:\Users\gokay\AppData\Local\Programs\MiKTeX\tex/generic/xkeyval\xkvutils.tex
\XKV@toks=\toks27
\XKV@tempa@toks=\toks28
)
\XKV@depth=\count292
File: xkeyval.tex 2014/12/03 v2.7a key=value parser (HA)
))
(C:\Users\gokay\AppData\Local\Programs\MiKTeX\tex/latex/adjustbox\adjcalc.sty
Package: adjcalc 2012/05/16 v1.1 Provides advanced setlength with multiple back
-ends (calc, etex, pgfmath)
)
(C:\Users\gokay\AppData\Local\Programs\MiKTeX\tex/latex/adjustbox\trimclip.sty
Package: trimclip 2020/08/19 v1.2 Trim and clip general TeX material

(C:\Users\gokay\AppData\Local\Programs\MiKTeX\tex/latex/graphics\graphicx.sty
Package: graphicx 2021/09/16 v1.2d Enhanced LaTeX Graphics (DPC,SPQR)

(C:\Users\gokay\AppData\Local\Programs\MiKTeX\tex/latex/graphics\graphics.sty
Package: graphics 2022/03/10 v1.4e Standard LaTeX Graphics (DPC,SPQR)

(C:\Users\gokay\AppData\Local\Programs\MiKTeX\tex/latex/graphics\trig.sty
Package: trig 2021/08/11 v1.11 sin cos tan (DPC)
)
(C:\Users\gokay\AppData\Local\Programs\MiKTeX\tex/latex/graphics-cfg\graphics.c
fg
File: graphics.cfg 2016/06/04 v1.11 sample graphics configuration
)
Package graphics Info: Driver file: pdftex.def on input line 107.
)
\Gin@req@height=\dimen172
\Gin@req@width=\dimen173
)
(C:\Users\gokay\AppData\Local\Programs\MiKTeX\tex/latex/collectbox\collectbox.s
ty
Package: collectbox 2022/10/17 v0.4c Collect macro arguments as boxes
\collectedbox=\box108
)
\tc@llx=\dimen174
\tc@lly=\dimen175
\tc@urx=\dimen176
\tc@ury=\dimen177
Package trimclip Info: Using driver 'tc-pdftex.def'.

(C:\Users\gokay\AppData\Local\Programs\MiKTeX\tex/latex/adjustbox\tc-pdftex.def
File: tc-pdftex.def 2019/01/04 v2.2 Clipping driver for pdftex
))
\adjbox@Width=\dimen178
\adjbox@Height=\dimen179
\adjbox@Depth=\dimen180
\adjbox@Totalheight=\dimen181
\adjbox@pwidth=\dimen182
\adjbox@pheight=\dimen183
\adjbox@pdepth=\dimen184
\adjbox@ptotalheight=\dimen185

(C:\Users\gokay\AppData\Local\Programs\MiKTeX\tex/latex/ifoddpage\ifoddpage.sty
Package: ifoddpage 2022/10/18 v1.2 Conditionals for odd/even page detection
\c@checkoddpage=\count293
)) (C:\Users\gokay\AppData\Local\Programs\MiKTeX\tex/latex/amsfonts\amssymb.sty
Package: amssymb 2013/01/14 v3.01 AMS font symbols
(C:\Users\gokay\AppData\Local\Programs\MiKTeX\tex/latex/amsfonts\amsfonts.sty
Package: amsfonts 2013/01/14 v3.01 Basic AMSFonts support
\@emptytoks=\toks29
\symAMSa=\mathgroup4
\symAMSb=\mathgroup5
LaTeX Font Info:    Redeclaring math symbol \hbar on input line 98.
LaTeX Font Info:    Overwriting math alphabet `\mathfrak' in version `bold'
(Font)                  U/euf/m/n --> U/euf/b/n on input line 106.
))
(C:\Users\gokay\AppData\Local\Programs\MiKTeX\tex/latex/stackengine\stackengine
.sty
Package: stackengine 2021/07/22 v4.11\ Stacking text and objects in convenient 
ways

(C:\Users\gokay\AppData\Local\Programs\MiKTeX\tex/latex/etoolbox\etoolbox.sty
Package: etoolbox 2020/10/05 v2.5k e-TeX tools for LaTeX (JAW)
\etb@tempcnta=\count294
)
(C:\Users\gokay\AppData\Local\Programs\MiKTeX\tex/latex/listofitems\listofitems
.sty
(C:\Users\gokay\AppData\Local\Programs\MiKTeX\tex/generic/listofitems\listofite
ms.tex
\loi_cnt_foreach_nest=\count295
\loi_nestcnt=\count296
)
Package: listofitems 2019/08/21 v1.63 Grab items in lists using user-specified 
sep char (CT)
)
\c@@stackindex=\count297
\@boxshift=\skip72
\stack@tmplength=\skip73
\temp@stkl=\skip74
\@stackedboxwidth=\skip75
\@addedbox=\box109
\@anchorbox=\box110
\@insetbox=\box111
\se@backgroundbox=\box112
\stackedbox=\box113
\@centerbox=\box114
\c@ROWcellindex@=\count298
)
(C:\Users\gokay\AppData\Local\Programs\MiKTeX\tex/latex/enumitem\enumitem.sty
Package: enumitem 2019/06/20 v3.9 Customized lists
\labelindent=\skip76
\enit@outerparindent=\dimen186
\enit@toks=\toks30
\enit@inbox=\box115
\enit@count@id=\count299
\enitdp@description=\count300
)
(C:\Users\gokay\AppData\Local\Programs\MiKTeX\tex/generic/alphalph\alphalph.sty
Package: alphalph 2019/12/09 v2.6 Convert numbers to letters (HO)

(C:\Users\gokay\AppData\Local\Programs\MiKTeX\tex/generic/infwarerr\infwarerr.s
ty
Package: infwarerr 2019/12/03 v1.5 Providing info/warning/error messages (HO)
)
(C:\Users\gokay\AppData\Local\Programs\MiKTeX\tex/generic/intcalc\intcalc.sty
Package: intcalc 2019/12/15 v1.3 Expandable calculations with integers (HO)
)) (C:\Users\gokay\AppData\Local\Programs\MiKTeX\tex/latex/ulem\ulem.sty
\UL@box=\box116
\UL@hyphenbox=\box117
\UL@skip=\skip77
\UL@hook=\toks31
\UL@height=\dimen187
\UL@pe=\count301
\UL@pixel=\dimen188
\ULC@box=\box118
Package: ulem 2019/11/18
\ULdepth=\dimen189
)
\xrefbox=\box119
\xreflength=\skip78
\CodeWidthChar=\skip79
\CodeHeightChar=\skip80
\DoxyCodeWidth=\skip81
\c@DoxyEnumeratei=\count302
\c@DoxyEnumerateii=\count303
\c@DoxyEnumerateiii=\count304
\c@DoxyEnumerateiv=\count305
\c@DoxyEnumeratev=\count306
\c@DoxyEnumeratevi=\count307
\c@DoxyEnumeratevii=\count308
\c@DoxyEnumerateviii=\count309
\c@DoxyEnumerateix=\count310
\c@DoxyEnumeratex=\count311
\c@DoxyEnumeratexi=\count312
\c@DoxyEnumeratexii=\count313
\enitdp@DoxyEnumerate=\count314
\enitdp@DoxyItemize=\count315
)
(C:\Users\gokay\AppData\Local\Programs\MiKTeX\tex/latex/base\inputenc.sty
Package: inputenc 2021/02/14 v1.3d Input encoding file
\inpenc@prehook=\toks32
\inpenc@posthook=\toks33
)
(C:\Users\gokay\AppData\Local\Programs\MiKTeX\tex/latex/base\makeidx.sty
Package: makeidx 2021/10/04 v1.0m Standard LaTeX package
)
(C:\Users\gokay\AppData\Local\Programs\MiKTeX\tex/latex/base\textcomp.sty
Package: textcomp 2020/02/02 v2.0n Standard LaTeX package
)
(C:\Users\gokay\AppData\Local\Programs\MiKTeX\tex/latex/wasysym\wasysym.sty
Package: wasysym 2020/01/19 v2.4 Wasy-2 symbol support package
\symwasy=\mathgroup6
LaTeX Font Info:    Overwriting symbol font `wasy' in version `bold'
(Font)                  U/wasy/m/n --> U/wasy/b/n on input line 93.
)
(C:\Users\gokay\AppData\Local\Programs\MiKTeX\tex/generic/iftex\ifxetex.sty
Package: ifxetex 2019/10/25 v0.7 ifxetex legacy package. Use iftex instead.
)
(C:\Users\gokay\AppData\Local\Programs\MiKTeX\tex/latex/base\fontenc.sty
Package: fontenc 2021/04/29 v2.0v Standard LaTeX package
)
(C:\Users\gokay\AppData\Local\Programs\MiKTeX\tex/latex/psnfss\helvet.sty
Package: helvet 2020/03/25 PSNFSS-v9.3 (WaS) 
)
(C:\Users\gokay\AppData\Local\Programs\MiKTeX\tex/latex/psnfss\courier.sty
Package: courier 2020/03/25 PSNFSS-v9.3 (WaS) 
)
(C:\Users\gokay\AppData\Local\Programs\MiKTeX\tex/latex/sectsty\sectsty.sty
Package: sectsty 2002/02/25 v2.0.2 Commands to change all sectional heading sty
les


LaTeX Warning: Command \underbar  has changed.
               Check if current package is valid.


LaTeX Warning: Command \underline  has changed.
               Check if current package is valid.

) (C:\Users\gokay\AppData\Local\Programs\MiKTeX\tex/latex/geometry\geometry.sty
Package: geometry 2020/01/02 v5.9 Page Geometry
(C:\Users\gokay\AppData\Local\Programs\MiKTeX\tex/generic/iftex\ifvtex.sty
Package: ifvtex 2019/10/25 v1.7 ifvtex legacy package. Use iftex instead.
)
\Gm@cnth=\count316
\Gm@cntv=\count317
\c@Gm@tempcnt=\count318
\Gm@bindingoffset=\dimen190
\Gm@wd@mp=\dimen191
\Gm@odd@mp=\dimen192
\Gm@even@mp=\dimen193
\Gm@layoutwidth=\dimen194
\Gm@layoutheight=\dimen195
\Gm@layouthoffset=\dimen196
\Gm@layoutvoffset=\dimen197
\Gm@dimlist=\toks34

(C:\Users\gokay\AppData\Local\Programs\MiKTeX\tex/latex/geometry\geometry.cfg))
(C:\Users\gokay\AppData\Local\Programs\MiKTeX\tex/latex/fancyhdr\fancyhdr.sty
Package: fancyhdr 2022/05/18 v4.0.3 Extensive control of page headers and foote
rs
\f@nch@headwidth=\skip82
\f@nch@O@elh=\skip83
\f@nch@O@erh=\skip84
\f@nch@O@olh=\skip85
\f@nch@O@orh=\skip86
\f@nch@O@elf=\skip87
\f@nch@O@erf=\skip88
\f@nch@O@olf=\skip89
\f@nch@O@orf=\skip90
)
(C:\Users\gokay\AppData\Local\Programs\MiKTeX\tex/latex/natbib\natbib.sty
Package: natbib 2010/09/13 8.31b (PWD, AO)
\bibhang=\skip91
\bibsep=\skip92
LaTeX Info: Redefining \cite on input line 694.
\c@NAT@ctr=\count319
)
(C:\Users\gokay\AppData\Local\Programs\MiKTeX\tex/latex/tocloft\tocloft.sty
Package: tocloft 2017/08/31 v2.3i parameterised ToC, etc., typesetting
Package tocloft Info: The document has chapter divisions on input line 51.
\cftparskip=\skip93
\cftbeforetoctitleskip=\skip94
\cftaftertoctitleskip=\skip95
\cftbeforepartskip=\skip96
\cftpartnumwidth=\skip97
\cftpartindent=\skip98
\cftbeforechapskip=\skip99
\cftchapindent=\skip100
\cftchapnumwidth=\skip101
\cftbeforesecskip=\skip102
\cftsecindent=\skip103
\cftsecnumwidth=\skip104
\cftbeforesubsecskip=\skip105
\cftsubsecindent=\skip106
\cftsubsecnumwidth=\skip107
\cftbeforesubsubsecskip=\skip108
\cftsubsubsecindent=\skip109
\cftsubsubsecnumwidth=\skip110
\cftbeforeparaskip=\skip111
\cftparaindent=\skip112
\cftparanumwidth=\skip113
\cftbeforesubparaskip=\skip114
\cftsubparaindent=\skip115
\cftsubparanumwidth=\skip116
\cftbeforeloftitleskip=\skip117
\cftafterloftitleskip=\skip118
\cftbeforefigskip=\skip119
\cftfigindent=\skip120
\cftfignumwidth=\skip121
\c@lofdepth=\count320
\c@lotdepth=\count321
\cftbeforelottitleskip=\skip122
\cftafterlottitleskip=\skip123
\cftbeforetabskip=\skip124
\cfttabindent=\skip125
\cfttabnumwidth=\skip126
)
\@indexfile=\write4
\openout4 = `refman.idx'.


Writing index file refman.idx

(C:\Users\gokay\AppData\Local\Programs\MiKTeX\tex/latex/newunicodechar\newunico
dechar.sty
Package: newunicodechar 2018/04/08 v1.2 Defining Unicode characters
)

Package newunicodechar Warning: Redefining Unicode character on input line 116.



Package newunicodechar Warning: Redefining Unicode character on input line 117.


(C:\Users\gokay\AppData\Local\Programs\MiKTeX\tex/latex/hyperref\hyperref.sty
Package: hyperref 2022-09-22 v7.00t Hypertext links for LaTeX

(C:\Users\gokay\AppData\Local\Programs\MiKTeX\tex/generic/ltxcmds\ltxcmds.sty
Package: ltxcmds 2020-05-10 v1.25 LaTeX kernel commands for general use (HO)
)
(C:\Users\gokay\AppData\Local\Programs\MiKTeX\tex/generic/pdftexcmds\pdftexcmds
.sty
Package: pdftexcmds 2020-06-27 v0.33 Utility functions of pdfTeX for LuaTeX (HO
)
Package pdftexcmds Info: \pdf@primitive is available.
Package pdftexcmds Info: \pdf@ifprimitive is available.
Package pdftexcmds Info: \pdfdraftmode found.
)
(C:\Users\gokay\AppData\Local\Programs\MiKTeX\tex/latex/kvsetkeys\kvsetkeys.sty
Package: kvsetkeys 2022-10-05 v1.19 Key value parser (HO)
)
(C:\Users\gokay\AppData\Local\Programs\MiKTeX\tex/generic/kvdefinekeys\kvdefine
keys.sty
Package: kvdefinekeys 2019-12-19 v1.6 Define keys (HO)
)
(C:\Users\gokay\AppData\Local\Programs\MiKTeX\tex/generic/pdfescape\pdfescape.s
ty
Package: pdfescape 2019/12/09 v1.15 Implements pdfTeX's escape features (HO)
) (C:\Users\gokay\AppData\Local\Programs\MiKTeX\tex/latex/hycolor\hycolor.sty
Package: hycolor 2020-01-27 v1.10 Color options for hyperref/bookmark (HO)
)
(C:\Users\gokay\AppData\Local\Programs\MiKTeX\tex/latex/letltxmacro\letltxmacro
.sty
Package: letltxmacro 2019/12/03 v1.6 Let assignment for LaTeX macros (HO)
)
(C:\Users\gokay\AppData\Local\Programs\MiKTeX\tex/latex/auxhook\auxhook.sty
Package: auxhook 2019-12-17 v1.6 Hooks for auxiliary files (HO)
)
(C:\Users\gokay\AppData\Local\Programs\MiKTeX\tex/latex/hyperref\nameref.sty
Package: nameref 2022-05-17 v2.50 Cross-referencing by name of section

(C:\Users\gokay\AppData\Local\Programs\MiKTeX\tex/latex/refcount\refcount.sty
Package: refcount 2019/12/15 v3.6 Data extraction from label references (HO)
)
(C:\Users\gokay\AppData\Local\Programs\MiKTeX\tex/generic/gettitlestring\gettit
lestring.sty
Package: gettitlestring 2019/12/15 v1.6 Cleanup title references (HO)

(C:\Users\gokay\AppData\Local\Programs\MiKTeX\tex/latex/kvoptions\kvoptions.sty
Package: kvoptions 2022-06-15 v3.15 Key value format for package options (HO)
))
\c@section@level=\count322
)
\@linkdim=\dimen198
\Hy@linkcounter=\count323
\Hy@pagecounter=\count324
 (C:\Users\gokay\AppData\Local\Programs\MiKTeX\tex/latex/hyperref\pd1enc.def
File: pd1enc.def 2022-09-22 v7.00t Hyperref: PDFDocEncoding definition (HO)
Now handling font encoding PD1 ...
... no UTF-8 mapping file for font encoding PD1
)
(C:\Users\gokay\AppData\Local\Programs\MiKTeX\tex/generic/etexcmds\etexcmds.sty
Package: etexcmds 2019/12/15 v1.7 Avoid name clashes with e-TeX commands (HO)
)
\Hy@SavedSpaceFactor=\count325
 (C:\Users\gokay\AppData\Local\Programs\MiKTeX\tex/latex/hyperref\puenc.def
File: puenc.def 2022-09-22 v7.00t Hyperref: PDF Unicode definition (HO)
Now handling font encoding PU ...
... no UTF-8 mapping file for font encoding PU
)
Package hyperref Info: Hyper figures OFF on input line 4162.
Package hyperref Info: Link nesting OFF on input line 4167.
Package hyperref Info: Hyper index ON on input line 4170.
Package hyperref Info: Plain pages OFF on input line 4177.
Package hyperref Info: Backreferencing ON on input line 4180.
Package hyperref Info: Implicit mode ON; LaTeX internals redefined.
Package hyperref Info: Bookmarks ON on input line 4410.

(C:\Users\gokay\AppData\Local\Programs\MiKTeX\tex/latex/hyperref\backref.sty
Package: backref 2021/02/04 v1.41 Bibliographical back referencing

(C:\Users\gokay\AppData\Local\Programs\MiKTeX\tex/latex/rerunfilecheck\rerunfil
echeck.sty
Package: rerunfilecheck 2022-07-10 v1.10 Rerun checks for auxiliary files (HO)

(C:\Users\gokay\AppData\Local\Programs\MiKTeX\tex/latex/base\atveryend-ltx.sty
Package: atveryend-ltx 2020/08/19 v1.0a Emulation of the original atveryend pac
kage
with kernel methods
)
(C:\Users\gokay\AppData\Local\Programs\MiKTeX\tex/generic/uniquecounter\uniquec
ounter.sty
Package: uniquecounter 2019/12/15 v1.4 Provide unlimited unique counter (HO)

(C:\Users\gokay\AppData\Local\Programs\MiKTeX\tex/generic/bigintcalc\bigintcalc
.sty
Package: bigintcalc 2019/12/15 v1.5 Expandable calculations on big integers (HO
)
))
Package uniquecounter Info: New unique counter `rerunfilecheck' on input line 2
85.
))
\c@Hy@tempcnt=\count326
 (C:\Users\gokay\AppData\Local\Programs\MiKTeX\tex/latex/url\url.sty
\Urlmuskip=\muskip16
Package: url 2013/09/16  ver 3.4  Verb mode for urls, etc.
)
LaTeX Info: Redefining \url on input line 4748.
\XeTeXLinkMargin=\dimen199

(C:\Users\gokay\AppData\Local\Programs\MiKTeX\tex/generic/bitset\bitset.sty
Package: bitset 2019/12/09 v1.3 Handle bit-vector datatype (HO)
)
\Fld@menulength=\count327
\Field@Width=\dimen256
\Fld@charsize=\dimen257
Package hyperref Info: Hyper figures OFF on input line 6027.
Package hyperref Info: Link nesting OFF on input line 6032.
Package hyperref Info: Hyper index ON on input line 6035.
Package hyperref Info: backreferencing ON on input line 6040.
Package hyperref Info: Link coloring OFF on input line 6047.
Package hyperref Info: Link coloring with OCG OFF on input line 6052.
Package hyperref Info: PDF/A mode OFF on input line 6057.

(C:\Users\gokay\AppData\Local\Programs\MiKTeX\tex/latex/base\atbegshi-ltx.sty
Package: atbegshi-ltx 2021/01/10 v1.0c Emulation of the original atbegshi
package with kernel methods
)
\Hy@abspage=\count328
\c@Item=\count329
\c@Hfootnote=\count330


LaTeX Warning: Command \LT@p@ftntext  has changed.
               Check if current package is valid.

)
Package hyperref Info: Driver: hpdftex.
 (C:\Users\gokay\AppData\Local\Programs\MiKTeX\tex/latex/hyperref\hpdftex.def
File: hpdftex.def 2022-09-22 v7.00t Hyperref driver for pdfTeX
\Fld@listcount=\count331
\c@bookmark@seq@number=\count332
\Hy@SectionHShift=\skip127
)
Package hyperref Info: Option `colorlinks' set `true' on input line 136.
Package hyperref Info: Option `unicode' set `true' on input line 136.
(C:\Users\gokay\AppData\Local\Programs\MiKTeX\tex/latex/caption\caption.sty
Package: caption 2022/03/01 v3.6b Customizing captions (AR)

(C:\Users\gokay\AppData\Local\Programs\MiKTeX\tex/latex/caption\caption3.sty
Package: caption3 2022/03/17 v2.3b caption3 kernel (AR)
\caption@tempdima=\dimen258
\captionmargin=\dimen259
\caption@leftmargin=\dimen260
\caption@rightmargin=\dimen261
\caption@width=\dimen262
\caption@indent=\dimen263
\caption@parindent=\dimen264
\caption@hangindent=\dimen265
Package caption Info: Standard document class detected.
)
\c@caption@flags=\count333
\c@continuedfloat=\count334
Package caption Info: float package is loaded.
Package caption Info: hyperref package is loaded.
Package caption Info: longtable package is loaded.

(C:\Users\gokay\AppData\Local\Programs\MiKTeX\tex/latex/caption\ltcaption.sty
Package: ltcaption 2021/01/08 v1.4c longtable captions (AR)
)) (C:\Users\gokay\AppData\Local\Programs\MiKTeX\tex/latex/etoc\etoc.sty
Package: etoc 2022/08/30 v1.09f Completely customisable TOCs (JFB)
\Etoc@toctoks=\toks35
\c@etoc@tocid=\count335
\c@etoc@tocdepth=\count336
\etoc@framed@titlebox=\box120
\etoc@framed@contentsbox=\box121
)
LaTeX Font Info:    Trying to load font information for T1+phv on input line 15
2.

(C:\Users\gokay\AppData\Local\Programs\MiKTeX\tex/latex/psnfss\t1phv.fd
File: t1phv.fd 2020/03/25 scalable font definitions for T1/phv.
)
LaTeX Font Info:    Font shape `T1/phv/m/n' will be
(Font)              scaled to size 8.99994pt on input line 152.

(C:\Users\gokay\AppData\Local\Programs\MiKTeX\tex/latex/l3backend\l3backend-pdf
tex.def
File: l3backend-pdftex.def 2022-09-28 L3 backend support: PDF output (pdfTeX)
\l__color_backend_stack_int=\count337
\l__pdf_internal_box=\box122
) (refman.aux)
\openout1 = `refman.aux'.

LaTeX Font Info:    Checking defaults for OML/cmm/m/it on input line 152.
LaTeX Font Info:    ... okay on input line 152.
LaTeX Font Info:    Checking defaults for OMS/cmsy/m/n on input line 152.
LaTeX Font Info:    ... okay on input line 152.
LaTeX Font Info:    Checking defaults for OT1/cmr/m/n on input line 152.
LaTeX Font Info:    ... okay on input line 152.
LaTeX Font Info:    Checking defaults for T1/cmr/m/n on input line 152.
LaTeX Font Info:    ... okay on input line 152.
LaTeX Font Info:    Checking defaults for TS1/cmr/m/n on input line 152.
LaTeX Font Info:    ... okay on input line 152.
LaTeX Font Info:    Checking defaults for OMX/cmex/m/n on input line 152.
LaTeX Font Info:    ... okay on input line 152.
LaTeX Font Info:    Checking defaults for U/cmr/m/n on input line 152.
LaTeX Font Info:    ... okay on input line 152.
LaTeX Font Info:    Checking defaults for PD1/pdf/m/n on input line 152.
LaTeX Font Info:    ... okay on input line 152.
LaTeX Font Info:    Checking defaults for PU/pdf/m/n on input line 152.
LaTeX Font Info:    ... okay on input line 152.

(C:\Users\gokay\AppData\Local\Programs\MiKTeX\tex/context/base/mkii\supp-pdf.mk
ii
[Loading MPS to PDF converter (version 2006.09.02).]
\scratchcounter=\count338
\scratchdimen=\dimen266
\scratchbox=\box123
\nofMPsegments=\count339
\nofMParguments=\count340
\everyMPshowfont=\toks36
\MPscratchCnt=\count341
\MPscratchDim=\dimen267
\MPnumerator=\count342
\makeMPintoPDFobject=\count343
\everyMPtoPDFconversion=\toks37
)
(C:\Users\gokay\AppData\Local\Programs\MiKTeX\tex/latex/epstopdf-pkg\epstopdf-b
ase.sty
Package: epstopdf-base 2020-01-24 v2.11 Base part for package epstopdf
Package epstopdf-base Info: Redefining graphics rule for `.eps' on input line 4
85.

(C:\Users\gokay\AppData\Local\Programs\MiKTeX\tex/latex/00miktex\epstopdf-sys.c
fg
File: epstopdf-sys.cfg 2021/03/18 v2.0 Configuration of epstopdf for MiKTeX
))
*geometry* driver: auto-detecting
*geometry* detected driver: pdftex
*geometry* verbose mode - [ preamble ] result:
* driver: pdftex
* paper: a4paper
* layout: <same size as paper>
* layoutoffset:(h,v)=(0.0pt,0.0pt)
* modes: twoside 
* h-part:(L,W,R)=(71.13188pt, 455.24411pt, 71.13188pt)
* v-part:(T,H,B)=(71.13188pt, 702.78308pt, 71.13188pt)
* \paperwidth=597.50787pt
* \paperheight=845.04684pt
* \textwidth=455.24411pt
* \textheight=702.78308pt
* \oddsidemargin=-1.1381pt
* \evensidemargin=-1.1381pt
* \topmargin=-31.2056pt
* \headheight=12.0pt
* \headsep=18.06749pt
* \topskip=10.0pt
* \footskip=25.29494pt
* \marginparwidth=125.0pt
* \marginparsep=7.0pt
* \columnsep=10.0pt
* \skip\footins=9.0pt plus 4.0pt minus 2.0pt
* \hoffset=0.0pt
* \voffset=0.0pt
* \mag=1000
* \@twocolumnfalse
* \@twosidetrue
* \@mparswitchtrue
* \@reversemarginfalse
* (1in=72.27pt=25.4mm, 1cm=28.453pt)

Package backref Info: ** backref set up for natbib ** on input line 152.
Package hyperref Info: Link coloring ON on input line 152.
(refman.out) (refman.out)
\@outlinefile=\write5
\openout5 = `refman.out'.

Package caption Info: Begin \AtBeginDocument code.
Package caption Info: End \AtBeginDocument code.
\Etoc@tf=\read4
Package hyperref Info: Option `pageanchor' set `false' on input line 160.
Package hyperref Info: Option `bookmarksnumbered' set `true' on input line 160.

Package hyperref Info: Option `unicode' set `true' on input line 160.
LaTeX Font Info:    Font shape `T1/phv/m/n' will be
(Font)              scaled to size 12.9599pt on input line 165.
LaTeX Font Info:    Font shape `T1/phv/m/n' will be
(Font)              scaled to size 10.79993pt on input line 166.
LaTeX Font Info:    Font shape `T1/phv/m/n' will be
(Font)              scaled to size 6.29996pt on input line 166.
LaTeX Font Info:    Trying to load font information for U+msa on input line 166
.

(C:\Users\gokay\AppData\Local\Programs\MiKTeX\tex/latex/amsfonts\umsa.fd
File: umsa.fd 2013/01/14 v3.01 AMS symbols A
)
LaTeX Font Info:    Trying to load font information for U+msb on input line 166
.

(C:\Users\gokay\AppData\Local\Programs\MiKTeX\tex/latex/amsfonts\umsb.fd
File: umsb.fd 2013/01/14 v3.01 AMS symbols B
)
LaTeX Font Info:    Trying to load font information for U+wasy on input line 16
6.

(C:\Users\gokay\AppData\Local\Programs\MiKTeX\tex/latex/wasysym\uwasy.fd
File: uwasy.fd 2020/01/19 v2.4 Wasy-2 symbol font definitions
)
[1


{C:/Users/gokay/AppData/Local/MiKTeX/fonts/map/pdftex/pdftex.map}] [2

]
\tf@toc=\write6
\openout6 = `refman.toc'.

LaTeX Font Info:    Font shape `T1/phv/b/n' will be
(Font)              scaled to size 8.99994pt on input line 174.
LaTeX Font Info:    Font shape `T1/phv/b/n' will be
(Font)              scaled to size 6.29996pt on input line 174.

[1] [2] [3]
Overfull \hbox (95.1975pt too wide) in paragraph at lines 174--174
 [][] [][]\T1/phv/m/n/10 8.2 C[]:/[]Users/gokay/do/ce103-hw3-gokay-dervisoglu/l
ibrary-manager-app/obj/[]Debug/.NETFramework,Version=v4.7.2.Assembly[] 
 []


Overfull \hbox (101.87538pt too wide) in paragraph at lines 174--174
 [][] [][]\T1/phv/m/n/10 8.3 C[]:/[]Users/gokay/do/ce103-hw3-gokay-dervisoglu/l
ibrary-manager-app/obj/[]Release/.NETFramework,Version=v4.7.2.Assembly[] 
 []


Overfull \hbox (106.69019pt too wide) in paragraph at lines 174--174
 [][] [][]\T1/phv/m/n/10 8.4 C[]:/[]Users/gokay/do/ce103-hw3-gokay-dervisoglu/l
ibrary-manager-dll-test/obj/[]Debug/.NETFramework,Version=v4.7.2.Assembly[] 
 []


Overfull \hbox (113.36807pt too wide) in paragraph at lines 174--174
 [][] [][]\T1/phv/m/n/10 8.5 C[]:/[]Users/gokay/do/ce103-hw3-gokay-dervisoglu/l
ibrary-manager-dll-test/obj/[]Release/.NETFramework,Version=v4.7.2.Assembly[] 
 []


Overfull \hbox (89.1856pt too wide) in paragraph at lines 174--174
 [][] [][]\T1/phv/m/n/10 8.6 C[]:/[]Users/gokay/do/ce103-hw3-gokay-dervisoglu/l
ibrary-manager-dll/obj/[]Debug/.NETFramework,Version=v4.7.2.Assembly[] 
 []


Overfull \hbox (95.86348pt too wide) in paragraph at lines 174--174
 [][] [][]\T1/phv/m/n/10 8.7 C[]:/[]Users/gokay/do/ce103-hw3-gokay-dervisoglu/l
ibrary-manager-dll/obj/[]Release/.NETFramework,Version=v4.7.2.Assembly[] 
 []

[4]
Package hyperref Info: Option `pageanchor' set `true' on input line 177.

Chapter 1.
LaTeX Font Info:    Font shape `T1/phv/m/n' will be
(Font)              scaled to size 18.66588pt on input line 179.
LaTeX Font Info:    Font shape `T1/phv/b/n' will be
(Font)              scaled to size 18.66588pt on input line 179.
LaTeX Font Info:    Font shape `T1/phv/bc/n' will be
(Font)              scaled to size 18.66588pt on input line 179.
LaTeX Font Info:    Font shape `T1/phv/m/n' will be
(Font)              scaled to size 22.39185pt on input line 179.
LaTeX Font Info:    Font shape `T1/phv/b/n' will be
(Font)              scaled to size 22.39185pt on input line 179.
LaTeX Font Info:    Font shape `T1/phv/bc/n' will be
(Font)              scaled to size 22.39185pt on input line 179.
(index.tex

LaTeX Warning: File `logo-big.png' not found on input line 3.


! Package pdftex.def Error: File `logo-big.png' not found: using draft setting.


See the pdftex.def package documentation for explanation.
Type  H <return>  for immediate help.
 ...                                              
                                                  
l.3 ...{\includegraphics[width=3cm]{logo-big.png}}
                                                  
? 
LaTeX Font Info:    Trying to load font information for T1+pcr on input line 3.

(C:\Users\gokay\AppData\Local\Programs\MiKTeX\tex/latex/psnfss\t1pcr.fd
File: t1pcr.fd 2001/06/04 font definitions for T1/pcr.
)
LaTeX Font Info:    Font shape `T1/phv/b/n' will be
(Font)              scaled to size 10.79993pt on input line 7.
LaTeX Font Info:    Font shape `T1/phv/bc/n' will be
(Font)              scaled to size 8.99994pt on input line 9.

Underfull \hbox (badness 10000) detected at line 9
[][][]
 []


Underfull \hbox (badness 10000) detected at line 12
[][][]
 []

[1


]
LaTeX Font Info:    Trying to load font information for TS1+phv on input line 3
0.
 (C:\Users\gokay\AppData\Local\Programs\MiKTeX\tex/latex/psnfss\ts1phv.fd
File: ts1phv.fd 2020/03/25 scalable font definitions for TS1/phv.
)
LaTeX Font Info:    Font shape `TS1/phv/m/n' will be
(Font)              scaled to size 8.99994pt on input line 30.
)
[2]
Chapter 2.
LaTeX Font Info:    Font shape `T1/phv/bc/n' will be
(Font)              scaled to size 6.29996pt on input line 181.
(d7/d6e/a00190.tex) [3

] [4

]
Chapter 3.
(namespaces.tex
LaTeX Font Info:    Font shape `T1/phv/b/n' will be
(Font)              scaled to size 12.9599pt on input line 1.
) [5] [6

]
Chapter 4.
(annotated.tex) [7] [8

]
Chapter 5.
(files.tex
Overfull \hbox (120.36533pt too wide) in paragraph at lines 4--4
 [][] \T1/phv/m/n/10 C[]:/[]Users/gokay/do/ce103-hw3-gokay-dervisoglu/library-m
anager-app/obj/[]Debug/[] 
 []


Underfull \hbox (badness 10000) in paragraph at lines 4--4
 []  
 []


Overfull \hbox (127.04321pt too wide) in paragraph at lines 5--5
 [][] \T1/phv/m/n/10 C[]:/[]Users/gokay/do/ce103-hw3-gokay-dervisoglu/library-m
anager-app/obj/[]Release/[] 
 []


Underfull \hbox (badness 10000) in paragraph at lines 5--5
 []  
 []


Overfull \hbox (131.85802pt too wide) in paragraph at lines 8--8
 [][] \T1/phv/m/n/10 C[]:/[]Users/gokay/do/ce103-hw3-gokay-dervisoglu/library-m
anager-dll-test/obj/[]Debug/[] 
 []


Underfull \hbox (badness 10000) in paragraph at lines 8--8
 []  
 []


Overfull \hbox (138.5359pt too wide) in paragraph at lines 9--9
 [][] \T1/phv/m/n/10 C[]:/[]Users/gokay/do/ce103-hw3-gokay-dervisoglu/library-m
anager-dll-test/obj/[]Release/[] 
 []


Underfull \hbox (badness 10000) in paragraph at lines 9--9
 []  
 []


Overfull \hbox (114.35342pt too wide) in paragraph at lines 15--15
 [][] \T1/phv/m/n/10 C[]:/[]Users/gokay/do/ce103-hw3-gokay-dervisoglu/library-m
anager-dll/obj/[]Debug/[] 
 []


Underfull \hbox (badness 10000) in paragraph at lines 15--15
 []  
 []


Overfull \hbox (121.03131pt too wide) in paragraph at lines 16--16
 [][] \T1/phv/m/n/10 C[]:/[]Users/gokay/do/ce103-hw3-gokay-dervisoglu/library-m
anager-dll/obj/[]Release/[] 
 []


Underfull \hbox (badness 10000) in paragraph at lines 16--16
 []  
 []

) [9] [10

]
Chapter 6.
(d3/dea/a00046.tex) (d4/dca/a00048.tex) (d5/df9/a00044.tex) (d6/d97/a00045.tex)
(d6/d2d/a00047.tex) (d2/dee/a00049.tex) [11] [12

]
Chapter 7.
(d8/d53/a00081.tex [13]
LaTeX Font Info:    Font shape `T1/phv/m/n' will be
(Font)              scaled to size 7.19995pt on input line 130.
LaTeX Font Info:    Font shape `T1/pcr/m/it' in size <8> not available
(Font)              Font shape `T1/pcr/m/sl' tried instead on input line 130.

Overfull \hbox (208.23886pt too wide) in paragraph at lines 134--135
[]\T1/phv/m/n/10 , [], [], [],
 []


Overfull \hbox (185.21523pt too wide) in paragraph at lines 134--135
[]\T1/phv/m/n/10 , [], [],
 []


Overfull \hbox (29.70685pt too wide) in paragraph at lines 134--135
[]\T1/phv/m/n/10 , [], [],
 []


Underfull \hbox (badness 10000) in paragraph at lines 134--135
[]\T1/phv/m/n/10 , [],
 []


Overfull \hbox (40.58751pt too wide) in paragraph at lines 134--135
[]\T1/phv/m/n/10 , [], [],
 []


Overfull \hbox (46.2217pt too wide) in paragraph at lines 134--135
[]\T1/phv/m/n/10 , [], [],
 []


Underfull \hbox (badness 10000) in paragraph at lines 134--135
[]\T1/phv/m/n/10 , [],
 []


Overfull \hbox (96.89992pt too wide) in paragraph at lines 134--135
[]\T1/phv/m/n/10 , [], [],
 []


Overfull \hbox (138.15526pt too wide) in paragraph at lines 134--135
[]\T1/phv/m/n/10 , [], [],
 []


Underfull \hbox (badness 10000) in paragraph at lines 134--135
[]\T1/phv/m/n/10 , [],
 []


Overfull \hbox (96.25198pt too wide) in paragraph at lines 134--135
[]\T1/phv/m/n/10 , [], and []. 
 []

 <./d8/d53/a00081_a0aa706ec4a2831242b2a55a5072a075d_cgraph.pdf

pdfTeX warning: pdflatex (file ./d8/d53/a00081_a0aa706ec4a2831242b2a55a5072a075
d_cgraph.pdf): PDF inclusion: multiple pdfs with page group included in a singl
e page
>
<d8/d53/a00081_a0aa706ec4a2831242b2a55a5072a075d_cgraph.pdf, id=1055, 404.51125
pt x 158.5925pt>
File: d8/d53/a00081_a0aa706ec4a2831242b2a55a5072a075d_cgraph.pdf Graphic file (
type pdf)
<use d8/d53/a00081_a0aa706ec4a2831242b2a55a5072a075d_cgraph.pdf>
Package pdftex.def Info: d8/d53/a00081_a0aa706ec4a2831242b2a55a5072a075d_cgraph
.pdf  used on input line 145.
(pdftex.def)             Requested size: 350.0pt x 137.22415pt.
 [14] <./d8/d53/a00081_a0aa706ec4a2831242b2a55a5072a075d_icgraph.pdf

pdfTeX warning: pdflatex (file ./d8/d53/a00081_a0aa706ec4a2831242b2a55a5072a075
d_icgraph.pdf): PDF inclusion: multiple pdfs with page group included in a sing
le page
>
<d8/d53/a00081_a0aa706ec4a2831242b2a55a5072a075d_icgraph.pdf, id=1096, 605.2612
5pt x 136.51pt>
File: d8/d53/a00081_a0aa706ec4a2831242b2a55a5072a075d_icgraph.pdf Graphic file 
(type pdf)
<use d8/d53/a00081_a0aa706ec4a2831242b2a55a5072a075d_icgraph.pdf>
Package pdftex.def Info: d8/d53/a00081_a0aa706ec4a2831242b2a55a5072a075d_icgrap
h.pdf  used on input line 153.
(pdftex.def)             Requested size: 350.0pt x 78.93839pt.
LaTeX Font Info:    Font shape `T1/pcr/m/it' in size <7> not available
(Font)              Font shape `T1/pcr/m/sl' tried instead on input line 160.

Overfull \hbox (70.51974pt too wide) in paragraph at lines 164--165
[]\T1/phv/m/n/10 References [], [],
 []


Overfull \hbox (15.4036pt too wide) in paragraph at lines 164--165
[]\T1/phv/m/n/10 , [],
 []


Underfull \hbox (badness 10000) in paragraph at lines 164--165
[]\T1/phv/m/n/10 , [],
 []


Overfull \hbox (118.73343pt too wide) in paragraph at lines 164--165
[]\T1/phv/m/n/10 , [], [],
 []


Overfull \hbox (27.58289pt too wide) in paragraph at lines 164--165
[]\T1/phv/m/n/10 , [], [],
 []


Overfull \hbox (194.7732pt too wide) in paragraph at lines 164--165
[]\T1/phv/m/n/10 , [], [],
 []


Overfull \hbox (78.72054pt too wide) in paragraph at lines 164--165
[]\T1/phv/m/n/10 , [], [],
 []


Overfull \hbox (75.08435pt too wide) in paragraph at lines 164--165
[]\T1/phv/m/n/10 , [], [],
 []

 <./d8/d53/a00081_aa0100737f2cdbb85ae6550ec951d080b_cgraph.pdf

pdfTeX warning: pdflatex (file ./d8/d53/a00081_aa0100737f2cdbb85ae6550ec951d080
b_cgraph.pdf): PDF inclusion: multiple pdfs with page group included in a singl
e page
>
<d8/d53/a00081_aa0100737f2cdbb85ae6550ec951d080b_cgraph.pdf, id=1131, 404.51125
pt x 158.5925pt>
File: d8/d53/a00081_aa0100737f2cdbb85ae6550ec951d080b_cgraph.pdf Graphic file (
type pdf)
<use d8/d53/a00081_aa0100737f2cdbb85ae6550ec951d080b_cgraph.pdf>
Package pdftex.def Info: d8/d53/a00081_aa0100737f2cdbb85ae6550ec951d080b_cgraph
.pdf  used on input line 175.
(pdftex.def)             Requested size: 350.0pt x 137.22415pt.
 <./d8/d53/a00081_aa0100737f2cdbb85ae6550ec951d080b_icgraph.pdf

pdfTeX warning: pdflatex (file ./d8/d53/a00081_aa0100737f2cdbb85ae6550ec951d080
b_icgraph.pdf): PDF inclusion: multiple pdfs with page group included in a sing
le page
>
<d8/d53/a00081_aa0100737f2cdbb85ae6550ec951d080b_icgraph.pdf, id=1139, 428.6012
6pt x 136.51pt>
File: d8/d53/a00081_aa0100737f2cdbb85ae6550ec951d080b_icgraph.pdf Graphic file 
(type pdf)
<use d8/d53/a00081_aa0100737f2cdbb85ae6550ec951d080b_icgraph.pdf>
Package pdftex.def Info: d8/d53/a00081_aa0100737f2cdbb85ae6550ec951d080b_icgrap
h.pdf  used on input line 183.
(pdftex.def)             Requested size: 350.0pt x 111.47649pt.
 [15] [16]
Overfull \hbox (39.38939pt too wide) in paragraph at lines 319--320
[]\T1/phv/m/n/10 Referenced by [], and []. 
 []

[17]
Overfull \hbox (22.4697pt too wide) in paragraph at lines 335--336
[]\T1/phv/m/n/10 Referenced by [], [],
 []


Overfull \hbox (39.38939pt too wide) in paragraph at lines 345--346
[]\T1/phv/m/n/10 Referenced by [], and []. 
 []


Overfull \hbox (39.38939pt too wide) in paragraph at lines 355--356
[]\T1/phv/m/n/10 Referenced by [], and []. 
 []


Overfull \hbox (39.38939pt too wide) in paragraph at lines 365--366
[]\T1/phv/m/n/10 Referenced by [], and []. 
 []


Overfull \hbox (39.38939pt too wide) in paragraph at lines 375--376
[]\T1/phv/m/n/10 Referenced by [], and []. 
 []


Overfull \hbox (39.38939pt too wide) in paragraph at lines 385--386
[]\T1/phv/m/n/10 Referenced by [], and []. 
 []


Overfull \hbox (39.38939pt too wide) in paragraph at lines 395--396
[]\T1/phv/m/n/10 Referenced by [], and []. 
 []


Overfull \hbox (39.38939pt too wide) in paragraph at lines 405--406
[]\T1/phv/m/n/10 Referenced by [], and []. 
 []


Overfull \hbox (39.38939pt too wide) in paragraph at lines 415--416
[]\T1/phv/m/n/10 Referenced by [], and []. 
 []


Overfull \hbox (39.38939pt too wide) in paragraph at lines 425--426
[]\T1/phv/m/n/10 Referenced by [], and []. 
 []

[18]
Overfull \hbox (39.38939pt too wide) in paragraph at lines 435--436
[]\T1/phv/m/n/10 Referenced by [], and []. 
 []


Overfull \hbox (39.38939pt too wide) in paragraph at lines 445--446
[]\T1/phv/m/n/10 Referenced by [], and []. 
 []


Overfull \hbox (39.38939pt too wide) in paragraph at lines 455--456
[]\T1/phv/m/n/10 Referenced by [], and []. 
 []


Overfull \hbox (39.38939pt too wide) in paragraph at lines 465--466
[]\T1/phv/m/n/10 Referenced by [], and []. 
 []


Overfull \hbox (39.38939pt too wide) in paragraph at lines 475--476
[]\T1/phv/m/n/10 Referenced by [], and []. 
 []


Overfull \hbox (39.38939pt too wide) in paragraph at lines 485--486
[]\T1/phv/m/n/10 Referenced by [], and []. 
 []


Overfull \hbox (39.38939pt too wide) in paragraph at lines 495--496
[]\T1/phv/m/n/10 Referenced by [], and []. 
 []


Overfull \hbox (56.42738pt too wide) in paragraph at lines 528--529
[]\T1/phv/m/n/10 Referenced by [], [], [],
 []

[19]
Overfull \hbox (22.42549pt too wide) in paragraph at lines 548--549
[]\T1/phv/m/n/10 Referenced by [], [], and []. 
 []


Overfull \hbox (22.4697pt too wide) in paragraph at lines 568--569
[]\T1/phv/m/n/10 Referenced by [], [],
 []


Overfull \hbox (22.4697pt too wide) in paragraph at lines 578--579
[]\T1/phv/m/n/10 Referenced by [], [],
 []


Overfull \hbox (22.42549pt too wide) in paragraph at lines 588--589
[]\T1/phv/m/n/10 Referenced by [], [], and []. 
 []

[20]
Overfull \hbox (22.42549pt too wide) in paragraph at lines 628--629
[]\T1/phv/m/n/10 Referenced by [], [], and []. 
 []


Overfull \hbox (56.42738pt too wide) in paragraph at lines 638--639
[]\T1/phv/m/n/10 Referenced by [], [], [],
 []


Overfull \hbox (56.42738pt too wide) in paragraph at lines 658--659
[]\T1/phv/m/n/10 Referenced by [], [], [],
 []

) (d1/d09/a00077.tex) (df/d13/a00085.tex [21] <./df/d13/a00085_a653ee3561a491b5
f731c3e62b5256576_icgraph.pdf

pdfTeX warning: pdflatex (file ./df/d13/a00085_a653ee3561a491b5f731c3e62b525657
6_icgraph.pdf): PDF inclusion: multiple pdfs with page group included in a sing
le page
>
<df/d13/a00085_a653ee3561a491b5f731c3e62b5256576_icgraph.pdf, id=1306, 617.3062
4pt x 136.51pt>
File: df/d13/a00085_a653ee3561a491b5f731c3e62b5256576_icgraph.pdf Graphic file 
(type pdf)
<use df/d13/a00085_a653ee3561a491b5f731c3e62b5256576_icgraph.pdf>
Package pdftex.def Info: df/d13/a00085_a653ee3561a491b5f731c3e62b5256576_icgrap
h.pdf  used on input line 42.
(pdftex.def)             Requested size: 350.0pt x 77.40115pt.
 <./df/d13/a00085_a7ae1962a4fbb9b6fc81d985a817e7fc1_icgraph.pdf

pdfTeX warning: pdflatex (file ./df/d13/a00085_a7ae1962a4fbb9b6fc81d985a817e7fc
1_icgraph.pdf): PDF inclusion: multiple pdfs with page group included in a sing
le page
>
<df/d13/a00085_a7ae1962a4fbb9b6fc81d985a817e7fc1_icgraph.pdf, id=1315, 617.3062
4pt x 136.51pt>
File: df/d13/a00085_a7ae1962a4fbb9b6fc81d985a817e7fc1_icgraph.pdf Graphic file 
(type pdf)
<use df/d13/a00085_a7ae1962a4fbb9b6fc81d985a817e7fc1_icgraph.pdf>
Package pdftex.def Info: df/d13/a00085_a7ae1962a4fbb9b6fc81d985a817e7fc1_icgrap
h.pdf  used on input line 60.
(pdftex.def)             Requested size: 350.0pt x 77.40115pt.
 [22] <./df/d13/a00085_ae2bca2db4cfda3722e596af30d58968c_icgraph.pdf>
<df/d13/a00085_ae2bca2db4cfda3722e596af30d58968c_icgraph.pdf, id=1337, 793.9662
5pt x 136.51pt>
File: df/d13/a00085_ae2bca2db4cfda3722e596af30d58968c_icgraph.pdf Graphic file 
(type pdf)
<use df/d13/a00085_ae2bca2db4cfda3722e596af30d58968c_icgraph.pdf>
Package pdftex.def Info: df/d13/a00085_ae2bca2db4cfda3722e596af30d58968c_icgrap
h.pdf  used on input line 84.
(pdftex.def)             Requested size: 350.0pt x 60.17706pt.
 <./df/d13/a00085_ae3093e33301346ebcb8f3ab024e6a392_icgraph.pdf

pdfTeX warning: pdflatex (file ./df/d13/a00085_ae3093e33301346ebcb8f3ab024e6a39
2_icgraph.pdf): PDF inclusion: multiple pdfs with page group included in a sing
le page
>
<df/d13/a00085_ae3093e33301346ebcb8f3ab024e6a392_icgraph.pdf, id=1346, 793.9662
5pt x 136.51pt>
File: df/d13/a00085_ae3093e33301346ebcb8f3ab024e6a392_icgraph.pdf Graphic file 
(type pdf)
<use df/d13/a00085_ae3093e33301346ebcb8f3ab024e6a392_icgraph.pdf>
Package pdftex.def Info: df/d13/a00085_ae3093e33301346ebcb8f3ab024e6a392_icgrap
h.pdf  used on input line 108.
(pdftex.def)             Requested size: 350.0pt x 60.17706pt.
) (db/dab/a00089.tex [23] <./db/dab/a00089_a0677c8d8abc72be1e3c0c0829ce6ad86_ic
graph.pdf>
<db/dab/a00089_a0677c8d8abc72be1e3c0c0829ce6ad86_icgraph.pdf, id=1368, 586.19pt
 x 110.4125pt>
File: db/dab/a00089_a0677c8d8abc72be1e3c0c0829ce6ad86_icgraph.pdf Graphic file 
(type pdf)
<use db/dab/a00089_a0677c8d8abc72be1e3c0c0829ce6ad86_icgraph.pdf>
Package pdftex.def Info: db/dab/a00089_a0677c8d8abc72be1e3c0c0829ce6ad86_icgrap
h.pdf  used on input line 34.
(pdftex.def)             Requested size: 350.0pt x 65.92453pt.
 <./db/dab/a00089_ac19bfd547ffe32ee6e8fdc3e67696de0_icgraph.pdf

pdfTeX warning: pdflatex (file ./db/dab/a00089_ac19bfd547ffe32ee6e8fdc3e67696de
0_icgraph.pdf): PDF inclusion: multiple pdfs with page group included in a sing
le page
>
<db/dab/a00089_ac19bfd547ffe32ee6e8fdc3e67696de0_icgraph.pdf, id=1377, 378.4137
6pt x 110.4125pt>
File: db/dab/a00089_ac19bfd547ffe32ee6e8fdc3e67696de0_icgraph.pdf Graphic file 
(type pdf)
<use db/dab/a00089_ac19bfd547ffe32ee6e8fdc3e67696de0_icgraph.pdf>
Package pdftex.def Info: db/dab/a00089_ac19bfd547ffe32ee6e8fdc3e67696de0_icgrap
h.pdf  used on input line 52.
(pdftex.def)             Requested size: 350.0pt x 102.1232pt.
 <./db/dab/a00089_af7e498a2f30052bf8ee6444c8ac6ed6d_icgraph.pdf

pdfTeX warning: pdflatex (file ./db/dab/a00089_af7e498a2f30052bf8ee6444c8ac6ed6
d_icgraph.pdf): PDF inclusion: multiple pdfs with page group included in a sing
le page
>
<db/dab/a00089_af7e498a2f30052bf8ee6444c8ac6ed6d_icgraph.pdf, id=1386, 414.5487
5pt x 110.4125pt>
File: db/dab/a00089_af7e498a2f30052bf8ee6444c8ac6ed6d_icgraph.pdf Graphic file 
(type pdf)
<use db/dab/a00089_af7e498a2f30052bf8ee6444c8ac6ed6d_icgraph.pdf>
Package pdftex.def Info: db/dab/a00089_af7e498a2f30052bf8ee6444c8ac6ed6d_icgrap
h.pdf  used on input line 70.
(pdftex.def)             Requested size: 350.0pt x 93.22264pt.
 [24] <./db/dab/a00089_ad461ef7b16fdfede1d5b86b78f5ab31d_icgraph.pdf>
<db/dab/a00089_ad461ef7b16fdfede1d5b86b78f5ab31d_icgraph.pdf, id=1409, 414.5487
5pt x 136.51pt>
File: db/dab/a00089_ad461ef7b16fdfede1d5b86b78f5ab31d_icgraph.pdf Graphic file 
(type pdf)
<use db/dab/a00089_ad461ef7b16fdfede1d5b86b78f5ab31d_icgraph.pdf>
Package pdftex.def Info: db/dab/a00089_ad461ef7b16fdfede1d5b86b78f5ab31d_icgrap
h.pdf  used on input line 88.
(pdftex.def)             Requested size: 350.0pt x 115.25708pt.
)
(d4/d7d/a00093.tex [25]
Overfull \hbox (87.22481pt too wide) in paragraph at lines 25--26
[]\T1/phv/m/n/10 References [], [], [],
 []


Overfull \hbox (71.01807pt too wide) in paragraph at lines 25--26
[]\T1/phv/m/n/10 , [], [], [],
 []

 <./d4/d7d/a00093_a24b0f0e14ac5eacb19fb242a458fe314_cgraph.pdf>
<d4/d7d/a00093_a24b0f0e14ac5eacb19fb242a458fe314_cgraph.pdf, id=1441, 576.1525p
t x 182.6825pt>
File: d4/d7d/a00093_a24b0f0e14ac5eacb19fb242a458fe314_cgraph.pdf Graphic file (
type pdf)
<use d4/d7d/a00093_a24b0f0e14ac5eacb19fb242a458fe314_cgraph.pdf>
Package pdftex.def Info: d4/d7d/a00093_a24b0f0e14ac5eacb19fb242a458fe314_cgraph
.pdf  used on input line 36.
(pdftex.def)             Requested size: 350.0pt x 110.97899pt.
 <./d4/d7d/a00093_a24b0f0e14ac5eacb19fb242a458fe314_icgraph.pdf

pdfTeX warning: pdflatex (file ./d4/d7d/a00093_a24b0f0e14ac5eacb19fb242a458fe31
4_icgraph.pdf): PDF inclusion: multiple pdfs with page group included in a sing
le page
>
<d4/d7d/a00093_a24b0f0e14ac5eacb19fb242a458fe314_icgraph.pdf, id=1449, 428.6012
6pt x 99.37125pt>
File: d4/d7d/a00093_a24b0f0e14ac5eacb19fb242a458fe314_icgraph.pdf Graphic file 
(type pdf)
<use d4/d7d/a00093_a24b0f0e14ac5eacb19fb242a458fe314_icgraph.pdf>
Package pdftex.def Info: d4/d7d/a00093_a24b0f0e14ac5eacb19fb242a458fe314_icgrap
h.pdf  used on input line 44.
(pdftex.def)             Requested size: 350.0pt x 81.14833pt.
 [26]
Underfull \hbox (badness 10000) in paragraph at lines 55--56
[]\T1/phv/m/n/10 References [], [],
 []


Overfull \hbox (68.65097pt too wide) in paragraph at lines 55--56
[]\T1/phv/m/n/10 , [], [], [],
 []

 <./d4/d7d/a00093_ad2736c84c7100194cf1fd344555c3dae_cgraph.pdf>
<d4/d7d/a00093_ad2736c84c7100194cf1fd344555c3dae_cgraph.pdf, id=1472, 581.17125
pt x 182.6825pt>
File: d4/d7d/a00093_ad2736c84c7100194cf1fd344555c3dae_cgraph.pdf Graphic file (
type pdf)
<use d4/d7d/a00093_ad2736c84c7100194cf1fd344555c3dae_cgraph.pdf>
Package pdftex.def Info: d4/d7d/a00093_ad2736c84c7100194cf1fd344555c3dae_cgraph
.pdf  used on input line 62.
(pdftex.def)             Requested size: 350.0pt x 110.0173pt.

Overfull \hbox (26.85246pt too wide) in paragraph at lines 79--80
[]\T1/phv/m/n/10 References [], [],
 []

 <./d4/d7d/a00093_a78d3c435f06f088932dceef54ec2e650_cgraph.pdf

pdfTeX warning: pdflatex (file ./d4/d7d/a00093_a78d3c435f06f088932dceef54ec2e65
0_cgraph.pdf): PDF inclusion: multiple pdfs with page group included in a singl
e page
>
<d4/d7d/a00093_a78d3c435f06f088932dceef54ec2e650_cgraph.pdf, id=1483, 575.14874
pt x 182.6825pt>
File: d4/d7d/a00093_a78d3c435f06f088932dceef54ec2e650_cgraph.pdf Graphic file (
type pdf)
<use d4/d7d/a00093_a78d3c435f06f088932dceef54ec2e650_cgraph.pdf>
Package pdftex.def Info: d4/d7d/a00093_a78d3c435f06f088932dceef54ec2e650_cgraph
.pdf  used on input line 86.
(pdftex.def)             Requested size: 350.0pt x 111.17134pt.
 [27]) (d1/d6e/a00073.tex
Underfull \hbox (badness 10000) in paragraph at lines 71--72
[]\T1/phv/m/n/10 , [],
 []


Underfull \hbox (badness 10000) in paragraph at lines 71--72
[]\T1/phv/m/n/10 , [], [],
 []


Overfull \hbox (20.30132pt too wide) in paragraph at lines 71--72
[]\T1/phv/m/n/10 , [], [],
 []


Underfull \hbox (badness 10000) in paragraph at lines 71--72
[]\T1/phv/m/n/10 , [], [],
 []


Overfull \hbox (36.5548pt too wide) in paragraph at lines 71--72
[]\T1/phv/m/n/10 , [], [],
 []


Underfull \hbox (badness 7869) in paragraph at lines 71--72
[]\T1/phv/m/n/10 , [], [],
 []


Underfull \hbox (badness 4084) in paragraph at lines 71--72
[]\T1/phv/m/n/10 , [], [],
 []


Overfull \hbox (23.97334pt too wide) in paragraph at lines 71--72
[]\T1/phv/m/n/10 , [], [],
 []


Underfull \hbox (badness 10000) in paragraph at lines 71--72
[]\T1/phv/m/n/10 , [], [],
 []


Underfull \hbox (badness 10000) in paragraph at lines 71--72
[]\T1/phv/m/n/10 , [], [],
 []

[28] <./d1/d6e/a00073_aa8712c40d3f64bbad3e109ea4d134763_cgraph.pdf

pdfTeX warning: pdflatex (file ./d1/d6e/a00073_aa8712c40d3f64bbad3e109ea4d13476
3_cgraph.pdf): PDF inclusion: multiple pdfs with page group included in a singl
e page
>
<d1/d6e/a00073_aa8712c40d3f64bbad3e109ea4d134763_cgraph.pdf, id=1598, 806.01125
pt x 303.1325pt>
File: d1/d6e/a00073_aa8712c40d3f64bbad3e109ea4d134763_cgraph.pdf Graphic file (
type pdf)
<use d1/d6e/a00073_aa8712c40d3f64bbad3e109ea4d134763_cgraph.pdf>
Package pdftex.def Info: d1/d6e/a00073_aa8712c40d3f64bbad3e109ea4d134763_cgraph
.pdf  used on input line 78.
(pdftex.def)             Requested size: 350.0pt x 131.6303pt.
 [29] [30]) [31] [32

]
Chapter 8.
(d2/de7/a00014.tex) (dd/da2/a00192.tex) (d3/d2a/a00195.tex) (d7/da0/a00198.tex)
(dd/de3/a00201.tex) (d1/d72/a00204.tex) (de/dd2/a00207.tex) (db/db2/a00020.tex
[33]) (da/de7/a00210.tex) (d1/de1/a00213.tex) (d6/d43/a00216.tex)
(d8/d41/a00038.tex) (d6/d5b/a00026.tex) (d5/d16/a00029.tex) (dc/d87/a00032.tex
[34]) (d4/d8c/a00035.tex) (dd/d32/a00041.tex) [35] [36

] (refman.ind [37


]
Overfull \hbox (96.56642pt too wide) in paragraph at lines 128--130
[]\T1/phv/m/n/10 C:/Users/gokay/do/ce103-hw3-gokay-dervisoglu/docs/SampleMarkdo
wnFile.md,
 []


Underfull \hbox (badness 10000) in paragraph at lines 130--132
[]\T1/phv/m/n/10 C:/Users/gokay/do/ce103-hw3-gokay-dervisoglu/library-
 []


Overfull \hbox (136.84503pt too wide) in paragraph at lines 130--132
\T1/phv/m/n/10 manager-app/obj/Debug/.NETFramework,Version=v4.7.2.AssemblyAttri
butes.cs,
 []


Underfull \hbox (badness 10000) in paragraph at lines 132--134
[]\T1/phv/m/n/10 C:/Users/gokay/do/ce103-hw3-gokay-dervisoglu/library-
 []


Overfull \hbox (143.52292pt too wide) in paragraph at lines 132--134
\T1/phv/m/n/10 manager-app/obj/Release/.NETFramework,Version=v4.7.2.AssemblyAtt
ributes.cs,
 []


Underfull \hbox (badness 10000) in paragraph at lines 134--136
[]\T1/phv/m/n/10 C:/Users/gokay/do/ce103-hw3-gokay-dervisoglu/library-
 []


Underfull \hbox (badness 10000) in paragraph at lines 136--138
[]\T1/phv/m/n/10 C:/Users/gokay/do/ce103-hw3-gokay-dervisoglu/library-
 []


Underfull \hbox (badness 10000) in paragraph at lines 138--140
[]\T1/phv/m/n/10 C:/Users/gokay/do/ce103-hw3-gokay-dervisoglu/library-
 []


Underfull \hbox (badness 10000) in paragraph at lines 140--142
[]\T1/phv/m/n/10 C:/Users/gokay/do/ce103-hw3-gokay-dervisoglu/library-
 []


Overfull \hbox (148.33772pt too wide) in paragraph at lines 140--142
\T1/phv/m/n/10 manager-dll-test/obj/Debug/.NETFramework,Version=v4.7.2.Assembly
Attributes.cs,
 []


Underfull \hbox (badness 10000) in paragraph at lines 142--144
[]\T1/phv/m/n/10 C:/Users/gokay/do/ce103-hw3-gokay-dervisoglu/library-
 []


Overfull \hbox (155.01561pt too wide) in paragraph at lines 142--144
\T1/phv/m/n/10 manager-dll-test/obj/Release/.NETFramework,Version=v4.7.2.Assemb
lyAttributes.cs,
 []


Underfull \hbox (badness 10000) in paragraph at lines 144--146
[]\T1/phv/m/n/10 C:/Users/gokay/do/ce103-hw3-gokay-dervisoglu/library-
 []


Underfull \hbox (badness 10000) in paragraph at lines 144--146
\T1/phv/m/n/10 manager-dll-test/Properties/AssemblyInfo.cs,
 []


Underfull \hbox (badness 10000) in paragraph at lines 146--148
[]\T1/phv/m/n/10 C:/Users/gokay/do/ce103-hw3-gokay-dervisoglu/library-
 []


Underfull \hbox (badness 10000) in paragraph at lines 148--150
[]\T1/phv/m/n/10 C:/Users/gokay/do/ce103-hw3-gokay-dervisoglu/library-
 []


Underfull \hbox (badness 10000) in paragraph at lines 150--152
[]\T1/phv/m/n/10 C:/Users/gokay/do/ce103-hw3-gokay-dervisoglu/library-
 []


Underfull \hbox (badness 10000) in paragraph at lines 152--154
[]\T1/phv/m/n/10 C:/Users/gokay/do/ce103-hw3-gokay-dervisoglu/library-
 []


Underfull \hbox (badness 10000) in paragraph at lines 154--156
[]\T1/phv/m/n/10 C:/Users/gokay/do/ce103-hw3-gokay-dervisoglu/library-
 []


Overfull \hbox (130.83313pt too wide) in paragraph at lines 154--156
\T1/phv/m/n/10 manager-dll/obj/Debug/.NETFramework,Version=v4.7.2.AssemblyAttri
butes.cs,
 []


Underfull \hbox (badness 10000) in paragraph at lines 156--158
[]\T1/phv/m/n/10 C:/Users/gokay/do/ce103-hw3-gokay-dervisoglu/library-
 []


Overfull \hbox (137.51102pt too wide) in paragraph at lines 156--158
\T1/phv/m/n/10 manager-dll/obj/Release/.NETFramework,Version=v4.7.2.AssemblyAtt
ributes.cs,
 []


Underfull \hbox (badness 10000) in paragraph at lines 158--160
[]\T1/phv/m/n/10 C:/Users/gokay/do/ce103-hw3-gokay-dervisoglu/library-
 []


Overfull \hbox (27.17754pt too wide) in paragraph at lines 160--162
[]\T1/phv/m/n/10 C:/Users/gokay/do/ce103-hw3-gokay-dervisoglu/README.md,
 []

[38] [39] [40

]) (refman.aux)
Package rerunfilecheck Info: File `refman.out' has not changed.
(rerunfilecheck)             Checksum: 5B2983A4F26C4BFD484D8303EADA6D6A;34617.
 ) 
Here is how much of TeX's memory you used:
 18832 strings out of 475385
 321875 string characters out of 2776907
 710416 words of memory out of 3000000
 39357 multiletter control sequences out of 15000+600000
 518938 words of font info for 92 fonts, out of 8000000 for 9000
 1141 hyphenation exceptions out of 8191
 99i,16n,117p,4951b,556s stack positions out of 10000i,1000n,20000p,200000b,80000s
{C:/Users/gokay/AppData/Local/Programs/MiKTeX/fonts/enc/dvips/base/8r.enc}<C:
/Users/gokay/AppData/Local/Programs/MiKTeX/fonts/type1/public/amsfonts/cm/cmmi7
.pfb><C:/Users/gokay/AppData/Local/Programs/MiKTeX/fonts/type1/public/amsfonts/
cm/cmsy7.pfb><C:/Users/gokay/AppData/Local/Programs/MiKTeX/fonts/type1/urw/cour
ier/ucrr8a.pfb><C:/Users/gokay/AppData/Local/Programs/MiKTeX/fonts/type1/urw/co
urier/ucrro8a.pfb><C:/Users/gokay/AppData/Local/Programs/MiKTeX/fonts/type1/urw
/helvetic/uhvb8a.pfb><C:/Users/gokay/AppData/Local/Programs/MiKTeX/fonts/type1/
urw/helvetic/uhvb8ac.pfb><C:/Users/gokay/AppData/Local/Programs/MiKTeX/fonts/ty
pe1/urw/helvetic/uhvr8a.pfb>
Output written on refman.pdf (46 pages, 743411 bytes).
PDF statistics:
 2041 PDF objects out of 2073 (max. 8388607)
 364 named destinations out of 1000 (max. 500000)
 1262 words of extra memory for PDF output out of 10000 (max. 10000000)

